<?xml version="1.0" encoding="UTF-8"?>
<!-- Generated by org.testng.reporters.JUnitReportReporter -->
<testsuite skipped="0" hostname="Salekin" name="testCases.DeleteOneProduct" tests="2" failures="0" timestamp="2022-07-28T14:49:57 CDT" time="3.576" errors="0">
  <testcase name="deleteOneProduct" time="3.195" classname="testCases.DeleteOneProduct"/>
  <system-out/>
  <testcase name="validateDeletedProductDetails" time="0.381" classname="testCases.DeleteOneProduct"/>
  <system-out/>
</testsuite> <!-- testCases.DeleteOneProduct -->
