<?xml version="1.0" encoding="UTF-8"?>
<!-- Generated by org.testng.reporters.JUnitReportReporter -->
<testsuite skipped="0" hostname="Salekin" name="testCases.ReadOneProduct" tests="1" failures="0" timestamp="2022-07-28T10:23:34 CDT" time="20.837" errors="0">
  <testcase name="readOneProduct" time="20.837" classname="testCases.ReadOneProduct"/>
  <system-out/>
</testsuite> <!-- testCases.ReadOneProduct -->
