<?xml version="1.0" encoding="UTF-8"?>
<!-- Generated by org.testng.reporters.JUnitReportReporter -->
<testsuite skipped="0" hostname="Salekin" name="testCases.CreateOneProduct" tests="3" failures="0" timestamp="2022-07-28T11:28:22 CDT" time="4.765" errors="0">
  <testcase name="createOneProduct" time="3.295" classname="testCases.CreateOneProduct"/>
  <system-out/>
  <testcase name="getFirstProductId" time="1.009" classname="testCases.CreateOneProduct"/>
  <system-out/>
  <testcase name="validateProductDetails" time="0.461" classname="testCases.CreateOneProduct"/>
  <system-out/>
</testsuite> <!-- testCases.CreateOneProduct -->
