<?xml version="1.0" encoding="UTF-8"?>
<!-- Generated by org.testng.reporters.JUnitReportReporter -->
<testsuite skipped="0" hostname="Salekin" name="testCases.ReadAllProducts" tests="1" failures="0" timestamp="2022-07-27T23:50:42 CDT" time="4.675" errors="0">
  <testcase name="readAllProducts" time="4.675" classname="testCases.ReadAllProducts"/>
  <system-out/>
</testsuite> <!-- testCases.ReadAllProducts -->
