<?xml version="1.0" encoding="UTF-8"?>
<!-- Generated by org.testng.reporters.JUnitReportReporter -->
<testsuite skipped="0" hostname="Salekin" name="testCases.UpdateOneProduct" tests="2" failures="0" timestamp="2022-07-28T14:38:07 CDT" time="3.746" errors="0">
  <testcase name="updateOneProduct" time="3.287" classname="testCases.UpdateOneProduct"/>
  <system-out/>
  <testcase name="validateUpdatedProductDetails" time="0.459" classname="testCases.UpdateOneProduct"/>
  <system-out/>
</testsuite> <!-- testCases.UpdateOneProduct -->
